<?xml version="1.0" encoding="UTF-8"?>
<!-- Generated by org.testng.reporters.JUnitXMLReporter -->
<testsuite ignored="0" hostname="DESKTOP-VNAFMO3" failures="0" tests="3" name="Test" time="18.732" errors="0" timestamp="2020-08-26T12:45:23 PDT">
  <testcase classname="com.testCase.AdminTestCase" name="login" time="1.587"/>
  <testcase classname="com.testCase.AdminTestCase" name="adminclick" time="1.158"/>
  <testcase classname="com.testCase.LoginTestCase" name="login" time="2.065"/>
</testsuite> <!-- Test -->
