<?xml version="1.0" encoding="UTF-8"?>
<testng-results ignored="0" total="1" passed="1" failed="0" skipped="0">
  <reporter-output>
  </reporter-output>
  <suite started-at="2020-08-27T11:48:49 PDT" name="Default suite" finished-at="2020-08-27T11:49:00 PDT" duration-ms="10921">
    <groups>
    </groups>
    <test started-at="2020-08-27T11:48:49 PDT" name="Default test" finished-at="2020-08-27T11:49:00 PDT" duration-ms="10921">
      <class name="com.testCase.LoginTestCase">
        <test-method is-config="true" signature="stratUp()[pri:0, instance:com.testCase.LoginTestCase@6fca2a8f]" started-at="2020-08-27T11:48:49 PDT" name="stratUp" finished-at="2020-08-27T11:48:56 PDT" duration-ms="6987" status="PASS">
          <reporter-output>
          </reporter-output>
        </test-method> <!-- stratUp -->
        <test-method signature="login()[pri:0, instance:com.testCase.LoginTestCase@6fca2a8f]" started-at="2020-08-27T11:48:56 PDT" name="login" finished-at="2020-08-27T11:48:58 PDT" duration-ms="2106" status="PASS">
          <reporter-output>
          </reporter-output>
        </test-method> <!-- login -->
        <test-method is-config="true" signature="close()[pri:0, instance:com.testCase.LoginTestCase@6fca2a8f]" started-at="2020-08-27T11:48:58 PDT" name="close" finished-at="2020-08-27T11:49:00 PDT" duration-ms="1711" status="PASS">
          <reporter-output>
          </reporter-output>
        </test-method> <!-- close -->
      </class> <!-- com.testCase.LoginTestCase -->
    </test> <!-- Default test -->
  </suite> <!-- Default suite -->
</testng-results>
