<?xml version="1.0" encoding="UTF-8"?>
<testng-results ignored="0" total="3" passed="3" failed="0" skipped="0">
  <reporter-output>
  </reporter-output>
  <suite started-at="2020-08-26T12:45:04 PDT" name="Suite" finished-at="2020-08-26T12:45:23 PDT" duration-ms="18732">
    <groups>
    </groups>
    <test started-at="2020-08-26T12:45:04 PDT" name="Test" finished-at="2020-08-26T12:45:23 PDT" duration-ms="18732">
      <class name="com.testCase.LoginTestCase">
        <test-method is-config="true" signature="stratUp()[pri:0, instance:com.testCase.LoginTestCase@1d01dfa5]" started-at="2020-08-26T12:45:11 PDT" name="stratUp" finished-at="2020-08-26T12:45:17 PDT" duration-ms="6030" status="PASS">
          <reporter-output>
          </reporter-output>
        </test-method> <!-- stratUp -->
        <test-method signature="login()[pri:0, instance:com.testCase.LoginTestCase@1d01dfa5]" started-at="2020-08-26T12:45:20 PDT" name="login" finished-at="2020-08-26T12:45:22 PDT" duration-ms="2065" status="PASS">
          <reporter-output>
          </reporter-output>
        </test-method> <!-- login -->
        <test-method is-config="true" signature="close()[pri:0, instance:com.testCase.LoginTestCase@1d01dfa5]" started-at="2020-08-26T12:45:22 PDT" name="close" finished-at="2020-08-26T12:45:23 PDT" duration-ms="451" status="PASS">
          <reporter-output>
          </reporter-output>
        </test-method> <!-- close -->
      </class> <!-- com.testCase.LoginTestCase -->
      <class name="com.testCase.AdminTestCase">
        <test-method is-config="true" signature="stratUp()[pri:0, instance:com.testCase.AdminTestCase@34237b90]" started-at="2020-08-26T12:45:04 PDT" name="stratUp" finished-at="2020-08-26T12:45:11 PDT" duration-ms="6821" status="PASS">
          <reporter-output>
          </reporter-output>
        </test-method> <!-- stratUp -->
        <test-method signature="login()[pri:1, instance:com.testCase.AdminTestCase@34237b90]" started-at="2020-08-26T12:45:17 PDT" name="login" finished-at="2020-08-26T12:45:18 PDT" duration-ms="1587" status="PASS">
          <reporter-output>
          </reporter-output>
        </test-method> <!-- login -->
        <test-method signature="adminclick()[pri:2, instance:com.testCase.AdminTestCase@34237b90]" started-at="2020-08-26T12:45:18 PDT" name="adminclick" finished-at="2020-08-26T12:45:20 PDT" duration-ms="1158" status="PASS">
          <reporter-output>
          </reporter-output>
        </test-method> <!-- adminclick -->
        <test-method is-config="true" signature="close()[pri:0, instance:com.testCase.AdminTestCase@34237b90]" started-at="2020-08-26T12:45:20 PDT" name="close" finished-at="2020-08-26T12:45:20 PDT" duration-ms="499" status="PASS">
          <reporter-output>
          </reporter-output>
        </test-method> <!-- close -->
      </class> <!-- com.testCase.AdminTestCase -->
    </test> <!-- Test -->
  </suite> <!-- Suite -->
</testng-results>
